"is_built_lib_aws.ses" "true"
"built_lib_aws.ses" "/Users/simon/programation/perso/ocaml/ocaml-ses/_build/src/aws.ses.cma"
"built_lib_aws.ses" "/Users/simon/programation/perso/ocaml/ocaml-ses/_build/src/aws.ses.cmxa"
"built_lib_aws.ses" "/Users/simon/programation/perso/ocaml/ocaml-ses/_build/src/aws.ses.a"
"built_lib_aws.ses" "/Users/simon/programation/perso/ocaml/ocaml-ses/_build/src/Creds.cmi"
"built_lib_aws.ses" "/Users/simon/programation/perso/ocaml/ocaml-ses/_build/src/Http_request.cmi"
"built_lib_aws.ses" "/Users/simon/programation/perso/ocaml/ocaml-ses/_build/src/Ses.cmi"
"is_built_lib_aws-ses" "true"
"built_lib_aws-ses" "/Users/simon/programation/perso/ocaml/ocaml-ses/_build/src/aws-ses.cma"
"built_lib_aws-ses" "/Users/simon/programation/perso/ocaml/ocaml-ses/_build/src/aws-ses.cmxa"
"built_lib_aws-ses" "/Users/simon/programation/perso/ocaml/ocaml-ses/_build/src/aws-ses.a"
"built_lib_aws-ses" "/Users/simon/programation/perso/ocaml/ocaml-ses/_build/src/Creds.cmi"
"built_lib_aws-ses" "/Users/simon/programation/perso/ocaml/ocaml-ses/_build/src/Http_request.cmi"
"built_lib_aws-ses" "/Users/simon/programation/perso/ocaml/ocaml-ses/_build/src/Ses.cmi"
"install-findlib" "aws_ses"
"is_built_lib_aws_ses" "true"
"built_lib_aws_ses" "/Users/simon/programation/perso/ocaml/ocaml-ses_s/_build/src/aws_ses.cma"
"built_lib_aws_ses" "/Users/simon/programation/perso/ocaml/ocaml-ses_s/_build/src/aws_ses.cmxa"
"built_lib_aws_ses" "/Users/simon/programation/perso/ocaml/ocaml-ses_s/_build/src/aws_ses.a"
"built_lib_aws_ses" "/Users/simon/programation/perso/ocaml/ocaml-ses_s/_build/src/Ses_xml.cmi"
"built_lib_aws_ses" "/Users/simon/programation/perso/ocaml/ocaml-ses_s/_build/src/Ses_types.cmi"
"built_lib_aws_ses" "/Users/simon/programation/perso/ocaml/ocaml-ses_s/_build/src/Ses_request.cmi"
"built_lib_aws_ses" "/Users/simon/programation/perso/ocaml/ocaml-ses_s/_build/src/Ses.cmi"
